[    00000] Initalzing cgroup subyspuse
[  0.000000] Inialing grp suyscpu
[  0.000000] Intializincgroup ssys cpuacct
[  0.0000Liux versn .4.06-enic(buildd@lcy0-0 (c veio 5.4.0 20160609 (Ubunu .4.06unt1~16.02) )55buntu MPhu A 1 18::5 UTC 26 (Ubuntu 4.4.0-365-eneric 4.16)[   0.000000] Command line: BO_IAGE=/boot/vmlinuz-4.4.0-36-generic root=LABEL=cloudimg-rootfs ro console=tty1 console=ttyS0
[    0.000000] KERNEL supported cpus:
[    0.000000]   Intel GenuineIntel
[    0.000000]   AMD AuthenticAMD
[    0.000000]   Centaur CentaurHauls
[    0.000000] x86/fpu: xstate_offset[2]:  576, xstate_sizes[2]:  256
[    0.000000] x86/fpu: Supporting XSAVE feature 0x01: 'x87 floating point registers'
[    0.000000] x86/fpu: Supporting XSAVE feature 0x02: 'SSE registers'
[    0.000000] x86/fpu: Supporting XSAVE feature 0x04: 'AVX registers'
[    0.000000] x86/fpu: Enabled xstate features 0x7, context size is 832 bytes, using 'standard' format.
[    0.000000] x86/fpu: Using 'lazy' FPU context switches.
[    0.000000] e820: BIOS-provided physical RAM map:
[    0.000000] BIOS-e820: [mem 0x0000000000000000-0x000000000009fbff] usable
[    0.000000] BIOS-e820: [mem 0x000000000009fc00-0x000000000009ffff] reserved
[    0.000000] BIOS-e820: [mem 0x00000000000f0000-0x00000000000fffff] reserved
[    0.000000] BIOS-e820: [mem 0x0000000000100000-0x000000003ffeffff] usable
[    0.000000] BIOS-e820: [mem 0x000000003fff0000-0x000000003fffffff] ACPI data
[    0.000000] BIOS-e820: [mem 0x00000000fec00000-0x00000000fec00fff] reserved
[    0.000000] BIOS-e820: [mem 0x00000000fee00000-0x00000000fee00fff] reserved
[    0.000000] BIOS-e820: [mem 0x00000000fffc0000-0x00000000ffffffff] reserved
[    0.000000] NX (Execute Disable) protection: active
[    0.000000] SMBIOS 2.5 present.
[    0.000000] Hypervisor detected: KVM
[    0.000000] e820: last_pfn = 0x3fff0 max_arch_pfn = 0x400000000
[    0.000000] x86/PAT: Configuration [0-7]: WB  WC  UC- UC  WB  WC  UC- WT  
[    0.000000] MTRR: Disabled
[    0.000000] CPU MTRRs all blank - virtualized system.
[    0.000000] found SMP MP-table at [mem 0x0009fff0-0x0009ffff] mapped at [ffff88000009fff0]
[    0.000000] Scanning 1 areas for low memory corruption
[    0.000000] RAMDISK: [mem 0x371b6000-0x378d2fff]
[    0.000000] ACPI: Early table checksum verification disabled
[    0.000000] ACPI: RSDP 0x00000000000E0000 000024 (v02 VBOX  )
[    0.000000] ACPI: XSDT 0x000000003FFF0030 00003C (v01 VBOX   VBOXXSDT 00000001 ASL  00000061)
[    0.000000] ACPI: FACP 0x000000003FFF00F0 0000F4 (v04 VBOX   VBOXFACP 00000001 ASL  00000061)
[    0.000000] ACPI: DSDT 0x000000003FFF0470 00210F (v01 VBOX   VBOXBIOS 00000002 INTL 20160212)
[    0.000000] ACPI: FACS 0x000000003FFF0200 000040
[    0.000000] ACPI: FACS 0x000000003FFF0200 000040
[    0.000000] ACPI: APIC 0x000000003FFF0240 00005C (v02 VBOX   VBOXAPIC 00000001 ASL  00000061)
[    0.000000] ACPI: SSDT 0x000000003FFF02A0 0001CC (v01 VBOX   VBOXCPUT 00000002 INTL 20160212)
[    0.000000] No NUMA configuration found
[    0.000000] Faking a node at [mem 0x0000000000000000-0x000000003ffeffff]
[    0.000000] NODE_DATA(0) allocated [mem 0x3ffeb000-0x3ffeffff]
[    0.000000] kvm-clock: Using msrs 4b564d01 and 4b564d00
[    0.000000] kvm-clock: cpu 0, msr 0:3ffe7001, primary cpu clock
[    0.000000] kvm-clock: using sched offset of 3095424805 cycles
[    0.000000] clocksource: kvm-clock: mask: 0xffffffffffffffff max_cycles: 0x1cd42e4dffb, max_idle_ns: 881590591483 ns
[    0.000000] Zone ranges:
[    0.000000]   DMA      [mem 0x0000000000001000-0x0000000000ffffff]
[    0.000000]   DMA32    [mem 0x0000000001000000-0x000000003ffeffff]
[    0.000000]   Normal   empty
[    0.000000]   Device   empty
[    0.000000] Movable zone start for each node
[    0.000000] Early memory node ranges
[    0.000000]   node   0: [mem 0x0000000000001000-0x000000000009efff]
[    0.000000]   node   0: [mem 0x0000000000100000-0x000000003ffeffff]
[    0.000000] Initmem setup node 0 [mem 0x0000000000001000-0x000000003ffeffff]
[    0.000000] ACPI: PM-Timer IO Port: 0x4008
[    0.000000] IOAPIC[0]: apic_id 2, version 32, address 0xfec00000, GSI 0-23
[    0.000000] ACPI: INT_SRC_OVR (bus 0 bus_irq 0 global_irq 2 dfl dfl)
[    0.000000] ACPI: INT_SRC_OVR (bus 0 bus_irq 9 global_irq 9 high level)
[    0.000000] Using ACPI (MADT) for SMP configuration information
[    0.000000] smpboot: Allowing 2 CPUs, 0 hotplug CPUs
[    0.000000] PM: Registered nosave memory: [mem 0x00000000-0x00000fff]
[    0.000000] PM: Registered nosave memory: [mem 0x0009f000-0x0009ffff]
[    0.000000] PM: Registered nosave memory: [mem 0x000a0000-0x000effff]
[    0.000000] PM: Registered nosave memory: [mem 0x000f0000-0x000fffff]
[    0.000000] e820: [mem 0x40000000-0xfebfffff] available for PCI devices
[    0.000000] Booting paravirtualized kernel on KVM
[    0.000000] clocksource: refined-jiffies: mask: 0xffffffff max_cycles: 0xffffffff, max_idle_ns: 7645519600211568 ns
[    0.000000] setup_percpu: NR_CPUS:256 nr_cpumask_bits:256 nr_cpu_ids:2 nr_node_ids:1
[    0.000000] PERCPU: Embedded 33 pages/cpu @ffff88003fc00000 s98008 r8192 d28968 u1048576
[    0.000000] PV qspinlock hash table entries: 256 (order: 0, 4096 bytes)
[    0.000000] Built 1 zonelists in Node order, mobility grouping on.  Total pages: 257913
[    0.000000] Policy zone: DMA32
[    0.000000] Kernel command line: BOOT_IMAGE=/boot/vmlinuz-4.4.0-36-generic root=LABEL=cloudimg-rootfs ro console=tty1 console=ttyS0
[    0.000000] PID hash table entries: 4096 (order: 3, 32768 bytes)
[    0.000000] Memory: 1005356K/1048120K available (8394K kernel code, 1282K rwdata, 3944K rodata, 1480K init, 1292K bss, 42764K reserved, 0K cma-reserved)
[    0.000000] SLUB: HWalign=64, Order=0-3, MinObjects=0, CPUs=2, Nodes=1
[    0.000000] Hierarchical RCU implementation.
[    0.000000] 	Build-time adjustment of leaf fanout to 64.
[    0.000000] 	RCU restricting CPUs from NR_CPUS=256 to nr_cpu_ids=2.
[    0.000000] RCU: Adjusting geometry for rcu_fanout_leaf=64, nr_cpu_ids=2
[    0.000000] NR_IRQS:16640 nr_irqs:440 16
[    0.000000] Console: colour VGA+ 80x25
[    0.000000] console [tty1] enabled
[    0.000000] console [ttyS0] enabled
[    0.000000] tsc: Detected 2494.304 MHz processor
[    2.150829] Calibrating delay loop (skipped) preset value.. 4988.60 BogoMIPS (lpj=9977216)
[    2.152332] pid_max: default: 32768 minimum: 301
[    2.153139] ACPI: Core revision 20150930
[    2.154932] ACPI: 2 ACPI AML tables successfully acquired and loaded
[    2.156089] Security Framework initialized
[    2.156834] Yama: becoming mindful.
[    2.157572] AppArmor: AppArmor initialized
[    2.158414] Dentry cache hash table entries: 131072 (order: 8, 1048576 bytes)
[    2.159693] Inode-cache hash table entries: 65536 (order: 7, 524288 bytes)
[    2.161302] Mount-cache hash table entries: 2048 (order: 2, 16384 bytes)
[    2.162372] Mountpoint-cache hash table entries: 2048 (order: 2, 16384 bytes)
[    2.163634] Initializing cgroup subsys io
[    2.164407] Initializing cgroup subsys memory
[    2.165184] Initializing cgroup subsys devices
[    2.165968] Initializing cgroup subsys freezer
[    2.166777] Initializing cgroup subsys net_cls
[    2.167574] Initializing cgroup subsys perf_event
[    2.168386] Initializing cgroup subsys net_prio
[    2.169178] Initializing cgroup subsys hugetlb
[    2.169961] Initializing cgroup subsys pids
[    2.170827] CPU: Physical Processor ID: 0
[    2.171563] CPU: Processor Core ID: 0
[    2.173189] mce: CPU supports 0 MCE banks
[    2.173945] Last level iTLB entries: 4KB 1024, 2MB 1024, 4MB 1024
[    2.174943] Last level dTLB entries: 4KB 1024, 2MB 1024, 4MB 1024, 1GB 4
[    2.177945] Freeing SMP alternatives memory: 28K (ffffffff820b4000 - ffffffff820bb000)
[    2.187489] ftrace: allocating 31996 entries in 125 pages
[    2.229948] smpboot: Max logical packages: 1
[    2.290610] smpboot: APIC(0) Converting physical 0 to logical package 0
[    2.291951] x2apic enabled
[    2.292784] Switched APIC routing to physical x2apic.
[    2.294860] ..TIMER: vector=0x30 apic1=0 pin1=2 apic2=-1 pin2=-1
[    2.422648] smpboot: CPU0: Intel(R) Core(TM) i7-4870HQ CPU @ 2.50GHz (family: 0x6, model: 0x46, stepping: 0x1)
[    2.495479] Performance Events: unsupported p6 CPU model 70 no PMU driver, software events only.
[    2.497139] KVM setup paravirtual spinlock
[    2.498683] x86: Booting SMP configuration:
[    2.499446] .... node  #0, CPUs:      #1
[    2.500259] kvm-clock: cpu 1, msr 0:3ffe7041, secondary cpu clock
[    2.503900] mce: CPU supports 0 MCE banks
[    2.506416] x86: Booted up 1 node, 2 CPUs
[    2.586014] smpboot: Total of 2 processors activated (9977.21 BogoMIPS)
[    2.763731] devtmpfs: initialized
[    2.765956] evm: security.selinux
[    2.766624] evm: security.SMACK64
[    2.767298] evm: security.SMACK64EXEC
[    2.767985] evm: security.SMACK64TRANSMUTE
[    2.768720] evm: security.SMACK64MMAP
[    2.769407] evm: security.ima
[    2.770013] evm: security.capability
[    2.770913] clocksource: jiffies: mask: 0xffffffff max_cycles: 0xffffffff, max_idle_ns: 7645041785100000 ns
[    2.772647] pinctrl core: initialized pinctrl subsystem
[    2.773644] RTC time: 18:35:33, date: 09/05/16
[    2.775072] NET: Registered protocol family 16
[    2.786680] cpuidle: using governor ladder
[    2.822517] cpuidle: using governor menu
[    2.823263] PCCT header not found.
[    2.823996] ACPI: bus type PCI registered
[    2.824729] acpiphp: ACPI Hot Plug PCI Controller Driver version: 0.5
[    2.825833] PCI: Using configuration type 1 for base access
[    2.839359] ACPI: Added _OSI(Module Device)
[    2.840122] ACPI: Added _OSI(Processor Device)
[    2.840914] ACPI: Added _OSI(3.0 _SCP Extensions)
[    2.841722] ACPI: Added _OSI(Processor Aggregator Device)
[    2.843325] ACPI: Executed 1 blocks of module-level executable AML code
[    2.846517] ACPI: Interpreter enabled
[    2.847240] ACPI Exception: AE_NOT_FOUND, While evaluating Sleep State [\_S1_] (20150930/hwxface-580)
[    2.848902] ACPI Exception: AE_NOT_FOUND, While evaluating Sleep State [\_S2_] (20150930/hwxface-580)
[    2.850574] ACPI Exception: AE_NOT_FOUND, While evaluating Sleep State [\_S3_] (20150930/hwxface-580)
[    2.852247] ACPI Exception: AE_NOT_FOUND, While evaluating Sleep State [\_S4_] (20150930/hwxface-580)
[    2.853916] ACPI: (supports S0 S5)
[    2.854580] ACPI: Using IOAPIC for interrupt routing
[    2.855585] PCI: Using host bridge windows from ACPI; if necessary, use "pci=nocrs" and report a bug
[    2.860613] ACPI: PCI Root Bridge [PCI0] (domain 0000 [bus 00-ff])
[    2.861605] acpi PNP0A03:00: _OSC: OS supports [ASPM ClockPM Segments MSI]
[    2.862679] acpi PNP0A03:00: _OSC failed (AE_NOT_FOUND); disabling ASPM
[    2.863732] acpi PNP0A03:00: fail to add MMCONFIG information, can't access extended PCI configuration space under this bridge.
[    2.865763] PCI host bridge to bus 0000:00
[    2.866508] pci_bus 0000:00: root bus resource [io  0x0000-0x0cf7 window]
[    2.867591] pci_bus 0000:00: root bus resource [io  0x0d00-0xffff window]
[    3.068457] pci_bus 0000:00: root bus resource [mem 0x000a0000-0x000bffff window]
[    3.101618] pci_bus 0000:00: root bus resource [mem 0x40000000-0xffdfffff window]
[    3.105375] pci_bus 0000:00: root bus resource [bus 00-ff]
[    3.117329] pci 0000:00:01.1: legacy IDE quirk: reg 0x10: [io  0x01f0-0x01f7]
[    3.118421] pci 0000:00:01.1: legacy IDE quirk: reg 0x14: [io  0x03f6]
[    3.129632] pci 0000:00:01.1: legacy IDE quirk: reg 0x18: [io  0x0170-0x0177]
[    3.130736] pci 0000:00:01.1: legacy IDE quirk: reg 0x1c: [io  0x0376]
[    3.146449] pci 0000:00:07.0: quirk: [io  0x4000-0x403f] claimed by PIIX4 ACPI
[    3.226660] pci 0000:00:07.0: quirk: [io  0x4100-0x410f] claimed by PIIX4 SMB
[    3.313360] ACPI: PCI Interrupt Link [LNKA] (IRQs 5 9 10 *11)
[    3.339101] ACPI: PCI Interrupt Link [LNKB] (IRQs 5 9 10 *11)
[    3.363239] ACPI: PCI Interrupt Link [LNKC] (IRQs 5 9 *10 11)
[    3.399518] ACPI: PCI Interrupt Link [LNKD] (IRQs 5 *9 10 11)
[    3.406227] ACPI: Enabled 2 GPEs in block 00 to 07
[    3.407490] vgaarb: setting as boot device: PCI:0000:00:02.0
[    3.570891] vgaarb: device added: PCI:0000:00:02.0,decodes=io+mem,owns=io+mem,locks=none
[    3.812468] vgaarb: loaded
[    3.891862] vgaarb: bridge control possible 0000:00:02.0
[    4.050771] SCSI subsystem initialized
[    4.119999] ACPI: bus type USB registered
[    4.120766] usbcore: registered new interface driver usbfs
[    4.121680] usbcore: registered new interface driver hub
[    4.122590] usbcore: registered new device driver usb
[    4.123741] PCI: Using ACPI for IRQ routing
[    4.125851] NetLabel: Initializing
[    4.126528] NetLabel:  domain hash size = 128
[    4.134802] NetLabel:  protocols = UNLABELED CIPSOv4
[    4.135665] NetLabel:  unlabeled traffic allowed by default
[    4.136754] amd_nb: Cannot enumerate AMD northbridges
[    4.144024] clocksource: Switched to clocksource kvm-clock
[    4.151875] AppArmor: AppArmor Filesystem Enabled
  4.56] p:nPCPin
  4.805011] pnp: PnP ACPI: found 3 devices
[    5.091500] clocksource: acpi_pm: mask: 0xffffff max_cycles: 0xffffff, max_idle_ns: 2085701024 ns
[    5.165596] NET: Registered protocol family 2
[    5.514754] TCP established hash table entries: 8192 (order: 4, 65536 bytes)
[    5.525128] TCP bind hash table entries: 8192 (order: 5, 131072 bytes)
[    5.526281] TCP: Hash tables configured (established 8192 bind 8192)
[    5.529874] UDP hash table entries: 512 (order: 2, 16384 bytes)
[    5.530864] UDP-Lite hash table entries: 512 (order: 2, 16384 bytes)
[    5.531911] NET: Registered protocol family 1
[    5.532718] pci 0000:00:00.0: Limiting direct PCI/PCI transfers
[    5.533715] pci 0000:00:01.0: Activating ISA DMA hang workarounds
[    5.535272] Trying to unpack rootfs image as initramfs...
[    6.843654] Freeing initrd memory: 7284K (ffff8800371b6000 - ffff8800378d3000)
[    7.052451] platform rtc_cmos: registered platform RTC device (no PNP device found)
[   2195Scni f l morcoruponve 6seconds
[    7.926217] futex hash table entries: 512 (order: 3, 32768 bytes)
[    8.054093] tsc: Refined TSC clocksource calibration: 2494.026 MHz
[    8.054095] clocksource: tsc: mask: 0xffffffffffffffff max_cycles: 0x23f32e840b9, max_idle_ns: 440795296313 ns
[    8.237783] audit: initializing netlink subsys (disabled)
[    8.694665] audit: type=2000 audit(1473100540.092:1): initialized
[    8.735974] Initialise system trusted keyring
[    8.736962] HugeTLB registered 2 MB page size, pre-allocated 0 pages
[    8.739422] zbud: loaded
[    8.740295] VFS: Disk quotas dquot_6.6.0
[    8.741066] VFS: Dquot-cache hash table entries: 512 (order 0, 4096 bytes)
[    8.742379] squashfs: version 4.0 (2009/01/31) Phillip Lougher
[    8.743610] fuse init (API version 7.23)
[    8.744505] Key type big_key registered
[    8.894513] Allocating IMA MOK and blacklist keyrings.
[    8.985736] Key type asymmetric registered
[    8.986488] Asymmetric key parser 'x509' registered
[    9.285041] Block layer SCSI generic (bsg) driver version 0.4 loaded (major 249)
[    9.296200] io scheduler noop registered
[    9.297282] io scheduler deadline registered (default)
[    9.298424] io scheduler cfq registered
[    9.299244] pci_hotplug: PCI Hot Plug PCI Core version: 0.5
[    9.300161] pciehp: PCI Express Hot Plug Controller Driver version: 0.4
[    9.301378] ACPI: AC Adapter [AC] (on-line)
[    9.302190] input: Power Button as /devices/LNXSYSTM:00/LNXPWRBN:00/input/input0
[    9.303521] ACPI: Power Button [PWRF]
[    9.304300] input: Sleep Button as /devices/LNXSYSTM:00/LNXSLPBN:00/input/input1
[    9.305632] ACPI: Sleep Button [SLPF]
[    9.306534] GHES: HEST is not enabled!
[    9.307172] ACPI: Battery Slot [BAT0] (battery present)
[    9.308226] Serial: 8250/16550 driver, 32 ports, IRQ sharing enabled
[    9.330894] 00:02: ttyS0 at I/O 0x3f8 (irq = 4, base_baud = 115200) is a 16550A
[    9.536472] Linux agpgart interface v0.103
[    9.539991] brd: module loaded
[    9.541978] loop: module loaded
[    9.543175] scsi host0: ata_piix
[    9.544041] scsi host1: ata_piix
[    9.544723] ata1: PATA max UDMA/33 cmd 0x1f0 ctl 0x3f6 bmdma 0xd000 irq 14
[    9.552262] ata2: PATA max UDMA/33 cmd 0x170 ctl 0x376 bmdma 0xd008 irq 15
[    9.553417] libphy: Fixed MDIO Bus: probed
[    9.554403] tun: Universal TUN/TAP device driver, 1.6
[    9.555255] tun: (C) 1999-2004 Max Krasnyansky <maxk@qualcomm.com>
[    9.556269] PPP generic driver version 2.4.2
[    9.557128] ehci_hcd: USB 2.0 'Enhanced' Host Controller (EHCI) Driver
[    9.558161] ehci-pci: EHCI PCI platform driver
[    9.558954] ehci-platform: EHCI generic platform driver
[    9.559830] ohci_hcd: USB 1.1 'Open' Host Controller (OHCI) Driver
[    9.574704] ohci-pci: OHCI PCI platform driver
[    9.575510] ohci-platform: OHCI generic platform driver
[    9.576418] uhci_hcd: USB Universal Host Controller Interface driver
[    9.577483] i8042: PNP: PS/2 Controller [PNP0303:PS2K,PNP0f03:PS2M] at 0x60,0x64 irq 1,12
[    9.584567] serio: i8042 KBD port at 0x60,0x64 irq 1
[    9.585415] serio: i8042 AUX port at 0x60,0x64 irq 12
[    9.586371] mousedev: PS/2 mouse device common for all mice
[    9.587700] rtc_cmos rtc_cmos: rtc core: registered rtc_cmos as rtc0
[    9.588802] rtc_cmos rtc_cmos: alarms up to one day, 114 bytes nvram
[    9.589857] input: AT Translated Set 2 keyboard as /devices/platform/i8042/serio0/input/input2
[    9.595074] i2c /dev entries driver
[    9.595814] device-mapper: uevent: version 1.0.3
[    9.596782] device-mapper: ioctl: 4.34.0-ioctl (2015-10-28) initialised: dm-devel@redhat.com
[    9.598290] ledtrig-cpu: registered to indicate activity on CPUs
[    9.599660] NET: Registered protocol family 10
[    9.600700] NET: Registered protocol family 17
[    9.601502] Key type dns_resolver registered
[    9.602442] microcode: CPU0 sig=0x40661, pf=0x40, revision=0x0
[    9.603400] microcode: CPU1 sig=0x40661, pf=0x40, revision=0x0
[    9.604449] microcode: Microcode Update Driver: v2.01 <tigran@aivazian.fsnet.co.uk>, Peter Oruba
[    9.606076] registered taskstats version 1
[    9.606832] Loading compiled-in X.509 certificates
[    9.608414] Loaded X.509 cert 'Build time autogenerated kernel key: 181cd957879f68b474ab1d0c92722cd44e756f77'
[    9.610052] zswap: loaded using pool lzo/zbud
[    9.612812] Ke  type trusted registered
[    9.768235] Key type encrypted registered
[    9.774880] AppArmor: AppArmor sha1 policy hashing enabled
[    9.775796] ima: No TPM chip found, activating TPM-bypass!
[    9.776745] evm: HMAC attrs: 0x1
[    9.777722]   Magic number: 0:333:594
[    9.778513] rtc_cmos rtc_cmos: setting system clock to 2016-09-05 18:35:40 UTC (1473100540)
[    9.812290] BIOS EDD facility v0.16 2004-Jun-25, 0 devices found
[    9.813262] EDD information not available.
[    9.815358] Freeing unused kernel memory: 1480K (ffffffff81f42000 - ffffffff820b4000)
[    9.816766] Write protecting the kernel read-only data: 14336k
[    9.855233] Freeing unused kernel memory: 1832K (ffff880001836000 - ffff880001a00000)
[   10.305640] Freeing unused kernel memory: 152K (ffff880001dda000 - ffff880001e00000)
Loading, please wait...
[   10.637160] random: systemd-udevd urandom read with 3 bits of entropy available
starting version 229
[   10.896249] e1000: Intel(R) PRO/1000 Network Driver - version 7.3.21-k8-NAPI
[   11.374670] e1000: Copyright (c) 1999-2006 Intel Corporation.
[   11.505551] Fusion MPT base driver 3.04.20
[   11.633002] Copyright (c) 1999-2008 LSI Corporation
[   11.863569] Fusion MPT SPI Host driver 3.04.20
[   11.965525] AVX version of gcm_enc/dec engaged.
[   12.035900] AES CTR mode by8 optimization enabled
[   12.061407] input: ImExPS/2 Generic Explorer Mouse as /devices/platform/i8042/serio1/input/input4
[   12.278250] e1000 0000:00:03.0 eth0: (PCI:33MHz:32-bit) 02:5a:d0:89:04:70
[   12.295248] e1000 0000:00:03.0 eth0: Intel(R) PRO/1000 Network Connection
[   12.915243] e1000 0000:00:08.0 eth1: (PCI:33MHz:32-bit) 08:00:27:7c:45:f1
[   12.971326] e1000 0000:00:08.0 eth1: Intel(R) PRO/1000 Network Connection
[   12.975311] e1000 0000:00:03.0 enp0s3: renamed from eth0
[   12.980059] mptbase: ioc0: Initiating bringup
[   13.000573] e1000 0000:00:08.0 enp0s8: renamed from eth1
[   13.072372] ioc0: LSI53C1030 A0: Capabilities={Initiator}
[   13.254019] scsi host2: ioc0: LSI53C1030 A0, FwRev=00000000h, Ports=1, MaxQ=256, IRQ=20
[   13.384682] scsi 2:0:0:0: Direct-Access     VBOX     HARDDISK         1.0  PQ: 0 ANSI: 5
[   13.406427] scsi target2:0:0: Beginning Domain Validation
[   13.412476] scsi target2:0:0: Domain Validation skipping write tests
[   13.413666] scsi target2:0:0: Ending Domain Validation
[   13.420010] scsi target2:0:0: asynchronous
[   13.425108] scsi 2:0:1:0: Direct-Access     VBOX     HARDDISK         1.0  PQ: 0 ANSI: 5
[   13.426534] scsi target2:0:1: Beginning Domain Validation
[   13.428250] scsi target2:0:1: Domain Validation skipping write tests
[   13.429255] scsi target2:0:1: Ending Domain Validation
[   13.430177] scsi target2:0:1: asynchronous
[   13.436894] sd 2:0:0:0: [sda] 20971520 512-byte logical blocks: (10.7 GB/10.0 GiB)
[   13.444330] sd 2:0:0:0: Attached scsi generic sg0 type 0
[   13.444979] sd 2:0:1:0: Attached scsi generic sg1 type 0
[   13.864383] sd 2:0:1:0: [sdb] 20480 512-byte logical blocks: (10.5 MB/10.0 MiB)
[   13.877906] sd 2:0:1:0: [sdb] Write Protect is off
[   13.878762] sd 2:0:0:0: [sda] Write Protect is off
[   13.879755] sd 2:0:1:0: [sdb] Incomplete mode parameter data
[   13.881033] sd 2:0:1:0: [sdb] Assuming drive cache: write through
[   13.882315] sd 2:0:0:0: [sda] Incomplete mode parameter data
[   13.894845] sd 2:0:0:0: [sda] Assuming drive cache: write through
[   13.927616] sd 2:0:1:0: [sdb] Attached SCSI disk
[   13.930055]  sda: sda1
[   13.933376] sd 2:0:0:0: [sda] Attached SCSI disk
[   14.904233] floppy0: no floppy controllers found
[   15.104914] work still pending
Begin: Loading e[   16.480217] md: linear personality registered for level -1
ssential drivers ... [   16.517049] md: multipath personality registered for level -4
[   16.539746] md: raid0 personality registered for level 0
[   16.546489] md: raid1 personality registered for level 1
[   16.624184] raid6: sse2x1   gen()  7567 MB/s
[   16.834199] raid6: sse2x1   xor()  5789 MB/s
[   17.044162] raid6: sse2x2   gen() 10332 MB/s
[   17.117011] raid6: sse2x2   xor()  6524 MB/s
[   17.354207] raid6: sse2x4   gen() 11576 MB/s
[   17.592729] raid6: sse2x4   xor()  7521 MB/s
[   17.824578] raid6: using algorithm sse2x4 gen() 11576 MB/s
[   18.015107] raid6: .... xor() 7521 MB/s, rmw enabled
[   18.016160] raid6: using ssse3x2 recovery algorithm
[   18.018584] xor: automatically using best checksumming function:
[   18.056064]    avx       : 15470.000 MB/sec
[   18.178581] async_tx: api initialized (async)
[   18.329657] md: raid6 personality registered for level 6
[   18.374919] md: raid5 personality registered for level 5
[   18.375994] md: raid4 personality registered for level 4
[   18.383841] md: raid10 personality registered for level 10
done.
Begin: Running /scripts/init-premount ... done.
Begin: Mounting root file system ... Begin: Running /scripts/local-top ... done.
Begin: Running /scripts/local-premount ... [   18.428907] Btrfs loaded
Scanning for Btrfs filesystems
done.
Warning: fsck no[   18.480500] EXT4-fs (sda1): mounted filesystem with ordered data mode. Opts: (null)
t present, so skipping root file system
done.
Begin: Running /scripts/local-bottom ... done.
Begin: Running /scripts/init-bottom ... Warning: overlayroot: debug is busted
done.
[   18.649525] systemd[1]: systemd 229 running in system mode. (+PAM +AUDIT +SELINUX +IMA +APPARMOR +SMACK +SYSVINIT +UTMP +LIBCRYPTSETUP +GCRYPT +GNUTLS +ACL +XZ -LZ4 +SECCOMP +BLKID +ELFUTILS +KMOD -IDN)
[   18.739691] systemd[1]: Detected virtualization oracle.
[   18.740642] systemd[1]: Detected architecture x86-64.

Welcome to [1mUbuntu 16.04.1 LTS[0m!

[   18.828771] systemd[1]: Set hostname to <ubuntu>.
[   18.852158] systemd[1]: Initializing machine ID from random generator.
[   18.853240] systemd[1]: Installed transient /etc/machine-id file.
[   18.971517] systemd[1]: Listening on LVM2 metadata daemon socket.
[[0;32m  OK  [0m] Listening on LVM2 metadata daemon socket.
[   18.985310] systemd[1]: Listening on udev Kernel Socket.
[[0;32m  OK  [0m] Listening on udev Kernel Socket.
[   18.987248] systemd[1]: Started Forward Password Requests to Wall Directory Watch.
[[0;32m  OK  [0m] Started Forward Password Requests to Wall Directory Watch.
[   19.003728] systemd[1]: Reached target User and Group Name Lookups.
[[0;32m  OK  [0m] Reached target User and Group Name Lookups.
[   19.007542] systemd[1]: Created slice System Slice.
[[0;32m  OK  [0m] Created slice System Slice.
[   19.010687] systemd[1]: Reached target Encrypted Volumes.
[[0;32m  OK  [0m] Reached target Encrypted Volumes.
[   19.052252] systemd[1]: Reached target Swap.
[[0;32m  OK  [0m] Reached target Swap.
[   19.192484] systemd[1]: Created slice User and Session Slice.
[[0;32m  OK  [0m] Created slice User and Session Slice.
[   19.216187] systemd[1]: Listening on Syslog Socket.
[[0;32m  OK  [0m] Listening on Syslog Socket.
[   19.217997] systemd[1]: Reached target Slices.
[[0;32m  OK  [0m] Reached target Slices.
[   19.219762] systemd[1]: Listening on Journal Audit Socket.
[[0;32m  OK  [0m] Listening on Journal Audit Socket.
[   19.221828] systemd[1]: Listening on Device-mapper event daemon FIFOs.
[[0;32m  OK  [0m] Listening on Device-mapper event daemon FIFOs.
[ 19448]ysem1]Lieng on /dev/initctl Compatibility Named Pipe.
[[0;32m  OK  [0m] Listening on /dev/initctl Compatibility Named Pipe.
[ 19.824678] systemd[1]: Created slice system-serial\x2dgetty.slice.
[[0;32m  OK  [0m] Created slice system-serial\x2dgetty.slice.
[   20.254135] systemd[1]: Listening on Journal Socket.
[[0;32m  OK  [0m] Listening on Journal Socket.
[   20.268326] systemd[1]: Starting Load Kernel Modules...
         Starting Load Kernel Modules...
[   20.278272] systemd[1]: Mounting Huge Pages File System...
         Mounting Huge Pa[   20.296862] Loading iSCSI transport class v2.0-870.
ges File System...
[   20.377199] systemd[1]: Starting Remount Root and Kernel File Systems...
         Starting Remount[   20.393235] EXT4-fs (sda1): re-mounted. Opts: (null)
 Root and Kernel File Systems...
[   20.404300] iscsi: registered transport (tcp)
[   20.436295] systemd[1]: Starting Set console keymap...
         Starting Set console keymap...
[   20.456939] systemd[1]: Starting Monitoring of LVM2 mirrors, snapshots etc. using dmeventd or progress polling...
         Starting Monitor[   20.472563] iscsi: registered transport (iser)
ing of LVM2 mirrors... dmeventd or progress polling...
[   20.508326] systemd[1]: Starting Uncomplicated firewall...
         Starting Uncomplicated firewall...
[   20.521566] systemd[1]: Mounting Debug File System...
         Mounting Debug File System...
[   20.525608] systemd[1]: Starting Create list of required static device nodes for the current kernel...
         Starting Create list of required st... nodes for the current kernel...
[   20.541253] systemd[1]: Listening on LVM2 poll daemon socket.
[[0;32m  OK  [0m] Listening on LVM2 poll daemon socket.
[   20.556158] systemd[1]: Starting Nameserver information manager...
         Starting Nameserver information manager...
[   20.593487] systemd[1]: Listening on udev Control Socket.
[[0;32m  OK  [0m] Listening on udev Control Socket.
[   20.616248] systemd[1]: Mounting POSIX Message Queue File System...
         Mounting POSIX Message Queue File System...
[   20.648334] systemd[1]: Listening on Journal Socket (/dev/log).
[[0;32m  OK  [0m] Listening on Journal Socket (/dev/log).
[   20.677280] systemd[1]: Starting Journal Service...
         Starting Journal Service...
[   20.704367] systemd[1]: Set up automount Arbitrary Executable File Formats File System Automount Point.
[[0;32m  OK  [0m] Set up automount Arbitrary Executab...ats File System Automount Point.
[ 20755984] systemd[1]: Mounted POSIX Message Queue File System.
[[0;32m  OK  [0m] Mounted POSIX Message Queue File System.
[   20.894408] systemd[1]: Mounted Huge Pages File System.
[[0;32m  OK  [0m] Mounted Huge Pages File System.
[   20.914407] systemd[1]: Mounted Debug File System.
[[0;32m  OK  [0m] Mounted Debug File System.
[   20.916368] systemd[1]: Started Journal Service.
[[0;32m  OK  [0m] Started Journal Service.
[[0;32m  OK  [0m] Started Load Kernel Modules.
[[0;32m  OK  [0m] Started Remount Root and Kernel File Systems.
[[0;32m  OK  [0m] Started Set console keymap.
[[0;32m  OK  [0m] Started Uncomplicated firewall.
[[0;32m  OK  [0m] Started Create list of required sta...ce nodes for the current kernel.
[[0;32m  OK  [0m] Started Nameserver information manager.
[[0;32m  OK  [0[   21.149128] random: nonblocking pool is initialized
m] Started LVM2 metadata daemon.
         Starting Create Static Device Nodes in /dev...
         Starting Load/Save Random Seed...
         Starting udev Coldplug all Devices...
         Starting Apply Kernel Variables...
         Mounting FUSE Control File System...
         Starting Flush Journal to Persistent Storage...
[[0;32m  OK  [0m] Mounted FUSE Control File System.
[[0;32m  OK  [0m] Started Create Static Device Nodes in /dev.
[[0;32m  OK  [0m] Started Load/Save Random Seed.
[[0;32m  OK  [0m] Started Apply Kernel Variables.
[[0;32m  OK  [0m] Started udev Coldplug all Devices.
[[0;32m  OK  [0m] Started Flush Journal to Persistent Storage.
         Starting udev Kernel Device Manager...
[[0;32m  OK  [0m] Started udev Kernel Device Manager.
[[0;32m  OK  [0m] Started Dispatch Password Requests to Console Directory Watch.
[[0;32m  OK  [0m] Started Monitoring of LVM2 mirrors,...ng dmeventd or progress polling.
[[0;32m  OK  [0m] Reached target Local File Systems (Pre).
[[0;32m  OK  [0m] Reached target Local File Systems.
         Starting Commit a transient machine-id on disk...
         Starting Set console font and keymap...
         Starting Create Volatile Files and Directories...
         Starting LSB: AppArmor initialization...
         Starting Initial cloud-init job (pre-networking)...
         Starting Tell Plymouth To Write Out Runtime Data...
[[0;32m  OK  [0m] Started Commit a transient machine-id on disk.
[[0;32m  OK  [0m] Started Set console font and keymap.
[[0;32m  OK  [0m] Started Create Volatile Files and Directories.
[[0;32m  OK  [0m] Started Tell Plymouth To Write Out Runtime Data.
[[0;32m  OK  [0m] Found device /dev/ttyS0.
[[0;32m  OK  [0m] Listening on Load/Save RF Kill Switch Status /dev/rfkill Watch.
         Starting Network Time Synchronization...
         Starting Update UTMP about System Boot/Shutdown...
[[0;32m  OK  [0m] Created slice system-getty.slice.
[[0;32m  OK  [0m] Started Network Time Synchronization.
[[0;32m  OK  [0m] Started LSB: AppArmor initialization.
[   19.938779] cloud-init[1751]: Cloud-init v. 0.7.7 running 'init-local' at Mon, 05 Sep 2016 18:35:54 +0000. Up 19.52 seconds.
[[0;32m  OK  [0m] Started Initial cloud-init job (pre-networking).
[[0;32m  OK  [0m] Started Update UTMP about System Boot/Shutdown.
[[0;32m  OK  [0m] Reached target Network (Pre).
         Starting Raise network interfaces...
[[0;32m  OK  [0m] Reached target System Initialization.
[[0;32m  OK  [0m] Listening on D-Bus System Message Bus Socket.
[[0;32m  OK  [0m] Listening on ACPID Listen Socket.
[[0;32m  OK  [0m] Listening on UUID daemon activation socket.
         Starting LXD - unix socket.
         Starting Socket activation for snappy daemon.
[[0;32m  OK  [0m] Started ACPI Events Check.
[[0;32m  OK  [0m] Started Trigger resolvconf update for networkd DNS.
[[0;32m  OK  [0m] Reached target Paths.
[[0;32m  OK  [0m] Started Daily Cleanup of Temporary Directories.
[[0;32m  OK  [0m] Reached target System Time Synchronized.
[[0;32m  OK  [0m] Started Daily apt activities.
[[0;32m  OK  [0m] Started Timer to automatically refresh installed snaps.
[[0;32m  OK  [0m] Reached target Timers.
[[0;32m  OK  [0m] Listening on LXD - unix socket.
[[0;32m  OK  [0m] Listening on Socket activation for snappy daemon.
[[0;32m  OK  [0m] Reached target Sockets.
[[0;32m  OK  [0m] Reached target Basic System.
[[0;32m  OK  [0m] Started Deferred execution scheduler.
[[0;32m  OK  [0m] Started Regular background program processing daemon.
         Starting LSB: MD monitoring daemon...
[[0;32m  OK  [0m] Started ACPI event daemon.
         Starting Accounts Service...
[[0;32m  OK  [0m] Started FUSE filesystem for LXC.
         Starting Login Service...
[[0;32m  OK  [0m] Started Snappy daemon.
         Starting LSB: Record successful boot for GRUB...
[[0;32m  OK  [0m] Started D-Bus System Message Bus.
         Starting System Logging Service...
         Starting LXD - container startup/shutdown...
[[0;32m  OK  [0m] Started System Logging Service.
[[0;32m  OK  [0m] Started LSB: MD monitoring daemon.
[[0;32m  OK  [0m] Started LSB: Record successful boot for GRUB.
[[0;32m  OK  [0m] Started Login Service.
         Starting Authenticate and Authorize Users to Run Privileged Tasks...
[[0;32m  OK  [0m] Started LXD - container startup/shutdown.
[[0;32m  OK  [0m] Started Raise network interfaces.
[[0;32m  OK  [0m] Reached target Network.
         Starting Initial cloud-init job (metadata service crawler)...
[   22.372317] cloud-init[2084]: Cloud-init v. 0.7.7 running 'init' at Mon, 05 Sep 2016 18:35:56 +0000. Up 21.78 seconds.
[[0;32m  OK  [0m] Started Initial cloud-init job (metadata service crawler).
[   22.450872] cloud-init[2084]: ci-info: +++++++++++++++++++++++++++++++++++++Net device info++++++++++++++++++++++++++++++++++++++
[   22.540349] cloud-init[2084]: ci-info: +--------+-------+---------------------------+---------------+-------+-------------------+
[   22.540596] cloud-init[2084]: ci-info: | Device |   Up  |          Address          |      Mask     | Scope |     Hw-Address    |
[[0;32m  OK  [0m] Reached target Network is Online.
[   22.540691] cloud-init[2084]: ci-info: +--------+-------+---------------------------+---------------+-------+-------------------+
[   22.724300] cloud-init[2084]: ci-info: | enp0s8 | False |             .             |       .       |   .   | 08:00:27:7c:45:f1 |
[   22.724551] cloud-init[2084]: ci-info: |   lo   |  True |         127.0.0.1         |   255.0.0.0   |   .   |         .         |
         Starting iSCSI initiator daemon (iscsid)...
[   22.724634] cloud-init[2084]: ci-info: |   lo   |  True |          ::1/128          |       .       |  host |         .         |
[   23.106657] cloud-init[2084]: ci-info: | enp0s3 |  True |         10.0.2.15         | 255.255.255.0 |   .   | 02:5a:d0:89:04:70 |
[   23.106864] cloud-init[2084]: ci-info: | enp0s3 |  True | fe80::5a:d0ff:fe89:470/64 |       .       |  link | 02:5a:d0:89:04:70 |
[   23.106964] cloud-init[2084]: ci-info: +--------+-------+---------------------------+---------------+-------+-------------------+
[   23.107069] cloud-init[2084]: ci-info: +++++++++++++++++++++++++++Route IPv4 info++++++++++++++++++++++++++++
[   23.107175] cloud-init[2084]: ci-info: +-------+-------------+----------+---------------+-----------+-------+
[   23.107282] cloud-init[2084]: ci-info: | Route | Destination | Gateway  |    Genmask    | Interface | Flags |
[   23.107390] cloud-init[2084]: ci-info: +-------+-------------+----------+---------------+-----------+-------+
[   23.107495] cloud-init[2084]: ci-info: |   0   |   0.0.0.0   | 10.0.2.2 |    0.0.0.0    |   enp0s3  |   UG  |
[   23.107606] cloud-init[2084]: ci-info: |   1   |   10.0.2.0  | 0.0.0.0  | 255.255.255.0 |   enp0s3  |   U   |
[   23.107709] cloud-init[2084]: ci-info: +-------+-------------+----------+---------------+-----------+-------+
[   23.107814] cloud-init[2084]: Generating public/private rsa key pair.
[   23.107923] cloud-init[2084]: Your identification has been saved in /etc/ssh/ssh_host_rsa_key.
[   23.108154] cloud-init[2084]: Your public key has been saved in /etc/ssh/ssh_host_rsa_key.pub.
[   23.108254] cloud-init[2084]: The key fingerprint is:
[   23.108482] cloud-init[2084]: SHA256:pzznYxq7nmktA0rX291Nnplq6I6Y7kAnWaWVuaB+3TQ root@ubuntu-xenial
[   23.108584] cloud-init[2084]: The key's randomart image is:
[   23.108691] cloud-init[2084]: +---[RSA 2048]----+
[   23.108796] cloud-init[2084]: |         oo      |
[   23.108901] cloud-init[2084]: |       .+o       |
[   23.109009] cloud-init[2084]: |      .o. .      |
[   23.109117] cloud-init[2084]: |     .o  . E     |
[   23.109390] cloud-init[2084]: |    .+ oS + .    |
[   23.109545] cloud-init[2084]: |    o.=o.+ .    .|
[   23.109646] cloud-init[2084]: |   . +..=+.... ++|
[   23.109753] cloud-init[2084]: |    . . BO*....+o|
[   23.109857] cloud-init[2084]: |      oBBB++...  |
[   23.109963] cloud-init[2084]: +----[SHA256]-----+
[   23.110070] cloud-init[2084]: Generating public/private dsa key pair.
[   23.110176] cloud-init[2084]: Your identification has been saved in /etc/ssh/ssh_host_dsa_key.
[   23.110282] cloud-init[2084]: Your public key has been saved in /etc/ssh/ssh_host_dsa_key.pub.
[   23.110387] cloud-init[2084]: The key fingerprint is:
[   23.110493] cloud-init[2084]: SHA256:xtxAAm3ySVvIA2XVNuzrNScYGQmw0DL+4WrLkTJG2ho root@ubuntu-xenial
[   23.110601] cloud-init[2084]: The key's randomart image is:
[   23.110708] cloud-init[2084]: +---[DSA 1024]----+
[   23.110813] cloud-init[2084]: |    +B=+++ .     |
[   23.110922] cloud-init[2084]: |    +oO+. B      |
[   23.111026] cloud-init[2084]: |   . B.=.o +     |
[   23.111132] cloud-init[2084]: |    . =o o+      |
[   23.111236] cloud-init[2084]: |  .  o .S .+     |
[   23.111343] cloud-init[2084]: | +   .o.  o + .  |
[   23.111452] cloud-init[2084]: |E = o.   . . +   |
[   23.111557] cloud-init[2084]: | + +o.    .      |
[   23.111675] cloud-init[2084]: |.  .o.           |
[   23.111781] cloud-init[2084]: +----[SHA256]-----+
[   23.111888] cloud-init[2084]: Generating public/private ecdsa key pair.
[   23.111993] cloud-init[2084]: Your identification has been saved in /etc/ssh/ssh_host_ecdsa_key.
[   23.112221] cloud-init[2084]: Your public key has been saved in /etc/ssh/ssh_host_ecdsa_key.pub.
[   23.112321] cloud-init[2084]: The key fingerprint is:
[   23.112425] cloud-init[2084]: SHA256:J2oLykCMqjnFyoSbAvFiF9qqailmocu6qUrPEhCt2WM root@ubuntu-xenial
[   23.112532] cloud-init[2084]: The key's randomart image is:
[   23.112636] cloud-init[2084]: +---[ECDSA 256]---+
[   23.112742] cloud-init[2084]: | .               |
[   23.112847] cloud-init[2084]: |. .              |
[   23.112955] cloud-init[2084]: | =               |
[   23.113063] cloud-init[2084]: |B E.             |
[   23.113166] cloud-init[2084]: |+Bo..   S .      |
[   23.113272] cloud-init[2084]: |**+o   . o       |
[   23.113376] cloud-init[2084]: |OB* . o          |
[   23.113484] cloud-init[2084]: |%&o. o .         |
[   23.113588] cloud-init[2084]: |^=+o  .          |
[   23.113694] cloud-init[2084]: +----[SHA256]-----+
[   23.113801] cloud-init[2084]: Generating public/private ed25519 key pair.
[   23.113908] cloud-init[2084]: Your identification has been saved in /etc/ssh/ssh_host_ed25519_key.
[   23.114013] cloud-init[2084]: Your public key has been saved in /etc/ssh/ssh_host_ed25519_key.pub.
[   23.114117] cloud-init[2084]: The key fingerprint is:
[   23.114223] cloud-init[2084]: SHA256:g6RNneybCQwYb6or0+KhmjzhY33NLYmawHSZNWtNyp8 root@ubuntu-xenial
[   23.114329] cloud-init[2084]: The key's randomart image is:
[   23.114435] cloud-init[2084]: +--[ED25519 256]--+
[   23.114542] cloud-init[2084]: |  .              |
[   23.114649] cloud-init[2084]: |   +   o .       |
[   23.114754] cloud-init[2084]: |  . +oo.+        |
[   23.114858] cloud-init[2084]: |   o=B*o         |
[   23.114964] cloud-init[2084]: | ..+.==.S        |
[   23.115185] cloud-init[2084]: |oo. . ...=       |
[   23.299391] cloud-init[2084]: |o=o   +E*        |
[   23.299602] cloud-init[2084]: |*B+..o = .       |
[   23.299702] cloud-init[2084]: |X=ooo   .        |
[   23.299806] cloud-init[2084]: +----[SHA256]-----+
         Starting /etc/rc.local Compatibility...
         Starting Pollinate to seed the pseudo random number generator...
[[0;32m  OK  [0m] Reached target Cloud-config availability.
         Starting Apply the settings specified in cloud-config...
[[0;32m  OK  [0m] Started /etc/rc.local Compatibility.
[[0;32m  OK  [0m] Started iSCSI initiator daemon (iscsid).
         Starting Login to default iSCSI targets...
[[0;32m  OK  [0m] Started Login to default iSCSI targets.
[[0;32m  OK  [0m] Reached target Remote File Systems (Pre).
[[0;32m  OK  [0m] Reached target Remote File Systems.
         Starting Permit User Sessions...
         Starting LSB: daemon to balance interrupts for SMP systems...
         Starting LSB: Set the CPU Frequency Scaling governor to "ondemand"...
         Starting LSB: automatic crash report generation...
[[0;32m  OK  [0m] Started Permit User Sessions.
         Starting Hold until boot process finishes up...
         Starting Terminate Plymouth Boot Screen...
[[0;32m  OK  [0m] Started LSB: daemon to balance interrupts for SMP systems.
[[0;32m  OK  [0m] Started LSB: Set the CPU Frequency Scaling governor to "ondemand".
[[0;32m  OK  [0m] Started LSB: automatic crash report generation.
[[0;32m  OK  [0m] Started Hold until boot process finishes up.
[   23.880085] cloud-init[2199]: Generating locales (this might take a while)...
[[0;32m  OK  [0m] Started Terminate Plymouth Boot Screen.
[[0;32m  OK  [0m] Started Getty on tty1.
[[0;32m  OK  [0m] Started Serial Getty on ttyS0.
[[0;32m  OK  [0m] Reached target Login Prompts.
         Starting Set console scheme...
[[0;32m  OK  [0m] Started Set console scheme.
[[0;32m  OK  [0m] Started Pollinate to seed the pseudo random number generator.
         Starting OpenBSD Secure Shell server...
[[0;32m  OK  [0m] Started OpenBSD Secure Shell server.
[   24.691930] cloud-init[2199]:   en_US.UTF-8... done
[   24.713961] cloud-init[2199]: Generation complete.
         Stopping OpenBSD Secure Shell server...
[[0;32m  OK  [0m] Stopped OpenBSD Secure Shell server.
         Starting OpenBSD Secure Shell server...
[[0;32m  OK  [0m] Started OpenBSD Secure Shell server.
[[0;32m  OK  [0m] Created slice User Slice of ubuntu.
[   25.138002] cloud-init[2199]: Cloud-init v. 0.7.7 running 'modules:config' at Mon, 05 Sep 2016 18:35:58 +0000. Up 23.76 seconds.
         Starting User Manager for UID 1000...
[[0;32m  OK  [0m] Started User Manager for UID 1000.
[[0;32m  OK  [0m] Started Apply the settings specified in cloud-config.
[[0;32m  OK  [0m] Started Session 1 of user ubuntu.
         Starting Execute cloud user/final scripts...
ci-info: no authorized ssh keys fingerprints found for user ubuntu.
<14>Sep  5 18:36:00 ec2: 
<14>Sep  5 18:36:00 ec2: #############################################################
<14>Sep  5 18:36:00 ec2: -----BEGIN SSH HOST KEY FINGERPRINTS-----
<14>Sep  5 18:36:00 ec2: 1024 SHA256:xtxAAm3ySVvIA2XVNuzrNScYGQmw0DL+4WrLkTJG2ho root@ubuntu-xenial (DSA)
<14>Sep  5 18:36:00 ec2: 256 SHA256:J2oLykCMqjnFyoSbAvFiF9qqailmocu6qUrPEhCt2WM root@ubuntu-xenial (ECDSA)
<14>Sep  5 18:36:00 ec2: 256 SHA256:g6RNneybCQwYb6or0+KhmjzhY33NLYmawHSZNWtNyp8 root@ubuntu-xenial (ED25519)
<14>Sep  5 18:36:00 ec2: 2048 SHA256:pzznYxq7nmktA0rX291Nnplq6I6Y7kAnWaWVuaB+3TQ root@ubuntu-xenial (RSA)
<14>Sep  5 18:36:00 ec2: -----END SSH HOST KEY FINGERPRINTS-----
<14>Sep  5 18:36:00 ec2: #############################################################
-----BEGIN SSH HOST KEY KEYS-----
ecdsa-sha2-nistp256 AAAAE2VjZHNhLXNoYTItbmlzdHAyNTYAAAAIbmlzdHAyNTYAAABBBN+rLD8XwvyQCHYiP+0uhrzm5ntlQLMoAIA887ae0GJFrMEwyxEqqDc5tMXdTaNc3qpZ/r2k6ZRFyDwnKA2pg5s= root@ubuntu-xenial
ssh-ed25519 AAAAC3NzaC1lZDI1NTE5AAAAIPK7LSEIFioZDhGnODnRNjDXUqXA1md44p+RsEmZKUDw root@ubuntu-xenial
ssh-rsa AAAAB3NzaC1yc2EAAAADAQABAAABAQDkyIFFzp5QFRj8EmR5xhySeUv/xHx4xXfWknvCexBYFz+PS2pHLmEjLKBfz6D6taVVk/lzIexulbTpo+RLkXTgzPCydGGpBtaLANYphB9YC9rWUZDkbwe50Ll0LVcZfm/JBhQlOJgFj4zy4CBtCXFir5zUFMKTrZAZVKTOWcbM5PnOMzEiWqniWjG7KZUCV6ISYc0HMAwT/Yi7yFmI9oTBPkiZDD3+foK2c/pd3D5/ZhGg7PAIWDQZHCgz/Gv0TW0zCaHLMTgI1BqlRA+wMfLbtcHa8OzQD1+IBsjLkNou3U+99oQWivsWxqzQXVOTgAHnyrlQOL11JxB9tcM6lERj root@ubuntu-xenial
-----END SSH HOST KEY KEYS-----
[   25.952426] cloud-init[2362]: Cloud-init v. 0.7.7 running 'modules:final' at Mon, 05 Sep 2016 18:36:00 +0000. Up 25.57 seconds.
[   25.976394] cloud-init[2362]: ci-info: no authorized ssh keys fingerprints found for user ubuntu.
[   26.016879] cloud-init[2362]: Cloud-init v. 0.7.7 finished at Mon, 05 Sep 2016 18:36:00 +0000. Datasource DataSourceNoCloud [seed=/dev/sdb][dsmode=net].  Up 25.93 seconds
[[0;32m  OK  [0m] Started Execute cloud user/final scripts.
[[0;32m  OK  [0m] Reached target Cloud-init target.
[[0;32m  OK  [0m] Reached target Multi-User System.
[[0;32m  OK  [0m] Started Session 2 of user ubuntu.
         Stopping User Manager for UID 1000...
[[0;32m  OK  [0m] Stopped User Manager for UID 1000.

Ubuntu 16.04.1 LTS ubuntu-xenial ttyS0

ubuntu-xenial login: 